[INFO] Scanning for projects...
[INFO] 
[INFO] --------------------------< com.midas:midas >---------------------------
[INFO] Building MIDAS 1.0.0
[INFO]   from pom.xml
[INFO] --------------------------------[ jar ]---------------------------------
[INFO] 
[INFO] --- clean:3.3.2:clean (default-clean) @ midas ---
[INFO] Deleting /Users/divyanshpandey/Desktop/midas/target
[INFO] 
[INFO] --- resources:3.3.1:resources (default-resources) @ midas ---
[INFO] Copying 1 resource from src/main/resources to target/classes
[INFO] Copying 4 resources from src/main/resources to target/classes
[INFO] 
[INFO] --- compiler:3.11.0:compile (default-compile) @ midas ---
[INFO] Changes detected - recompiling the module! :source
[INFO] Compiling 53 source files with javac [debug release 21] to target/classes
[INFO] -------------------------------------------------------------
[ERROR] COMPILATION ERROR : 
[INFO] -------------------------------------------------------------
[ERROR] /Users/divyanshpandey/Desktop/midas/src/main/java/com/midas/transaction/repository/ TransactionRepository.java:[9,8] interface TransactionRepository is public, should be declared in a file named TransactionRepository.java
[ERROR] /Users/divyanshpandey/Desktop/midas/src/main/java/com/midas/auth/security/CustomUserDetailsService.java:[25,16] constructor CustomUserDetails in class com.midas.auth.security.CustomUserDetails cannot be applied to given types;
  required: no arguments
  found:    com.midas.user.entity.User
  reason: actual and formal argument lists differ in length
[ERROR] /Users/divyanshpandey/Desktop/midas/src/main/java/com/midas/auth/controller/AuthController.java:[29,34] cannot find symbol
  symbol:   method <com.midas.auth.dto.response.RegisterResponse>builder()
  location: class com.midas.common.response.ApiResponse
[ERROR] /Users/divyanshpandey/Desktop/midas/src/main/java/com/midas/auth/controller/AuthController.java:[43,28] cannot find symbol
  symbol:   method <com.midas.auth.dto.response.LoginResponse>builder()
  location: class com.midas.common.response.ApiResponse
[ERROR] /Users/divyanshpandey/Desktop/midas/src/main/java/com/midas/auth/service/impl/AuthServiceImpl.java:[35,46] cannot find symbol
  symbol:   method getEmail()
  location: variable request of type com.midas.auth.dto.request.RegisterRequest
[ERROR] /Users/divyanshpandey/Desktop/midas/src/main/java/com/midas/auth/service/impl/AuthServiceImpl.java:[41,56] cannot find symbol
  symbol:   method getPassword()
  location: variable request of type com.midas.auth.dto.request.RegisterRequest
[ERROR] /Users/divyanshpandey/Desktop/midas/src/main/java/com/midas/auth/service/impl/AuthServiceImpl.java:[53,32] cannot find symbol
  symbol:   method getEmail()
  location: variable request of type com.midas.auth.dto.request.LoginRequest
[ERROR] /Users/divyanshpandey/Desktop/midas/src/main/java/com/midas/auth/service/impl/AuthServiceImpl.java:[54,32] cannot find symbol
  symbol:   method getPassword()
  location: variable request of type com.midas.auth.dto.request.LoginRequest
[ERROR] /Users/divyanshpandey/Desktop/midas/src/main/java/com/midas/auth/service/impl/AuthServiceImpl.java:[58,52] cannot find symbol
  symbol:   method getEmail()
  location: variable request of type com.midas.auth.dto.request.LoginRequest
[ERROR] /Users/divyanshpandey/Desktop/midas/src/main/java/com/midas/auth/service/impl/AuthServiceImpl.java:[62,49] constructor CustomUserDetails in class com.midas.auth.security.CustomUserDetails cannot be applied to given types;
  required: no arguments
  found:    com.midas.user.entity.User
  reason: actual and formal argument lists differ in length
[ERROR] /Users/divyanshpandey/Desktop/midas/src/main/java/com/midas/auth/service/impl/AuthServiceImpl.java:[64,29] cannot find symbol
  symbol:   method builder()
  location: class com.midas.auth.dto.response.LoginResponse
[ERROR] /Users/divyanshpandey/Desktop/midas/src/main/java/com/midas/auth/mapper/ManualUserMapper.java:[15,33] cannot find symbol
  symbol:   method getFullName()
  location: variable request of type com.midas.auth.dto.request.RegisterRequest
[ERROR] /Users/divyanshpandey/Desktop/midas/src/main/java/com/midas/auth/mapper/ManualUserMapper.java:[16,30] cannot find symbol
  symbol:   method getEmail()
  location: variable request of type com.midas.auth.dto.request.RegisterRequest
[ERROR] /Users/divyanshpandey/Desktop/midas/src/main/java/com/midas/auth/mapper/ManualUserMapper.java:[17,33] cannot find symbol
  symbol:   method getPassword()
  location: variable request of type com.midas.auth.dto.request.RegisterRequest
[ERROR] /Users/divyanshpandey/Desktop/midas/src/main/java/com/midas/auth/mapper/ManualUserMapper.java:[24,32] cannot find symbol
  symbol:   method builder()
  location: class com.midas.auth.dto.response.RegisterResponse
[ERROR] /Users/divyanshpandey/Desktop/midas/src/main/java/com/midas/auth/mapper/ManualUserMapper.java:[25,25] cannot find symbol
  symbol:   method getId()
  location: variable user of type com.midas.user.entity.User
[ERROR] /Users/divyanshpandey/Desktop/midas/src/main/java/com/midas/auth/mapper/ManualUserMapper.java:[26,31] cannot find symbol
  symbol:   method getFullName()
  location: variable user of type com.midas.user.entity.User
[ERROR] /Users/divyanshpandey/Desktop/midas/src/main/java/com/midas/auth/mapper/ManualUserMapper.java:[27,28] cannot find symbol
  symbol:   method getEmail()
  location: variable user of type com.midas.user.entity.User
[ERROR] /Users/divyanshpandey/Desktop/midas/src/main/java/com/midas/auth/mapper/ManualUserMapper.java:[28,27] cannot find symbol
  symbol:   method getRole()
  location: variable user of type com.midas.user.entity.User
[ERROR] /Users/divyanshpandey/Desktop/midas/src/main/java/com/midas/portfolio/controller/PortfolioController.java:[28,27] cannot find symbol
  symbol:   method <com.midas.portfolio.dto.response.PortfolioResponse>builder()
  location: class com.midas.common.response.ApiResponse
[ERROR] /Users/divyanshpandey/Desktop/midas/src/main/java/com/midas/portfolio/controller/PortfolioController.java:[41,27] cannot find symbol
  symbol:   method <java.util.List<com.midas.portfolio.dto.response.PortfolioResponse>>builder()
  location: class com.midas.common.response.ApiResponse
[ERROR] /Users/divyanshpandey/Desktop/midas/src/main/java/com/midas/portfolio/controller/PortfolioController.java:[54,27] cannot find symbol
  symbol:   method <com.midas.portfolio.dto.response.PortfolioResponse>builder()
  location: class com.midas.common.response.ApiResponse
[ERROR] /Users/divyanshpandey/Desktop/midas/src/main/java/com/midas/portfolio/controller/PortfolioController.java:[69,27] cannot find symbol
  symbol:   method <com.midas.portfolio.dto.response.PortfolioResponse>builder()
  location: class com.midas.common.response.ApiResponse
[ERROR] /Users/divyanshpandey/Desktop/midas/src/main/java/com/midas/portfolio/controller/PortfolioController.java:[88,27] cannot find symbol
  symbol:   method <java.lang.Void>builder()
  location: class com.midas.common.response.ApiResponse
[ERROR] /Users/divyanshpandey/Desktop/midas/src/main/java/com/midas/auth/security/CustomUserDetails.java:[22,48] cannot find symbol
  symbol:   method getRole()
  location: variable user of type com.midas.user.entity.User
[ERROR] /Users/divyanshpandey/Desktop/midas/src/main/java/com/midas/auth/security/CustomUserDetails.java:[28,20] cannot find symbol
  symbol:   method getPassword()
  location: variable user of type com.midas.user.entity.User
[ERROR] /Users/divyanshpandey/Desktop/midas/src/main/java/com/midas/auth/security/CustomUserDetails.java:[33,20] cannot find symbol
  symbol:   method getEmail()
  location: variable user of type com.midas.user.entity.User
[ERROR] /Users/divyanshpandey/Desktop/midas/src/main/java/com/midas/auth/security/CustomUserDetails.java:[43,21] cannot find symbol
  symbol:   method isAccountLocked()
  location: variable user of type com.midas.user.entity.User
[ERROR] /Users/divyanshpandey/Desktop/midas/src/main/java/com/midas/auth/security/CustomUserDetails.java:[53,20] cannot find symbol
  symbol:   method isEnabled()
  location: variable user of type com.midas.user.entity.User
[ERROR] /Users/divyanshpandey/Desktop/midas/src/main/java/com/midas/stock/service/impl/StockServiceImpl.java:[34,41] cannot find symbol
  symbol:   method getPortfolioId()
  location: variable request of type com.midas.stock.dto.request.AddStockRequest
[ERROR] /Users/divyanshpandey/Desktop/midas/src/main/java/com/midas/stock/service/impl/StockServiceImpl.java:[38,28] cannot find symbol
  symbol:   method builder()
  location: class com.midas.stock.entity.Stock
[ERROR] /Users/divyanshpandey/Desktop/midas/src/main/java/com/midas/stock/service/impl/StockServiceImpl.java:[39,32] cannot find symbol
  symbol:   method getSymbol()
  location: variable request of type com.midas.stock.dto.request.AddStockRequest
[ERROR] /Users/divyanshpandey/Desktop/midas/src/main/java/com/midas/stock/service/impl/StockServiceImpl.java:[40,37] cannot find symbol
  symbol:   method getCompanyName()
  location: variable request of type com.midas.stock.dto.request.AddStockRequest
[ERROR] /Users/divyanshpandey/Desktop/midas/src/main/java/com/midas/stock/service/impl/StockServiceImpl.java:[41,34] cannot find symbol
  symbol:   method getQuantity()
  location: variable request of type com.midas.stock.dto.request.AddStockRequest
[ERROR] /Users/divyanshpandey/Desktop/midas/src/main/java/com/midas/stock/service/impl/StockServiceImpl.java:[42,41] cannot find symbol
  symbol:   method getAverageBuyPrice()
  location: variable request of type com.midas.stock.dto.request.AddStockRequest
[ERROR] /Users/divyanshpandey/Desktop/midas/src/main/java/com/midas/stock/service/impl/StockServiceImpl.java:[73,29] cannot find symbol
  symbol:   method builder()
  location: class com.midas.stock.dto.response.StockResponse
[ERROR] /Users/divyanshpandey/Desktop/midas/src/main/java/com/midas/stock/service/impl/StockServiceImpl.java:[74,26] cannot find symbol
  symbol:   method getId()
  location: variable stock of type com.midas.stock.entity.Stock
[ERROR] /Users/divyanshpandey/Desktop/midas/src/main/java/com/midas/stock/service/impl/StockServiceImpl.java:[75,30] cannot find symbol
  symbol:   method getSymbol()
  location: variable stock of type com.midas.stock.entity.Stock
[ERROR] /Users/divyanshpandey/Desktop/midas/src/main/java/com/midas/stock/service/impl/StockServiceImpl.java:[76,35] cannot find symbol
  symbol:   method getCompanyName()
  location: variable stock of type com.midas.stock.entity.Stock
[ERROR] /Users/divyanshpandey/Desktop/midas/src/main/java/com/midas/stock/service/impl/StockServiceImpl.java:[77,32] cannot find symbol
  symbol:   method getQuantity()
  location: variable stock of type com.midas.stock.entity.Stock
[ERROR] /Users/divyanshpandey/Desktop/midas/src/main/java/com/midas/stock/service/impl/StockServiceImpl.java:[78,39] cannot find symbol
  symbol:   method getAverageBuyPrice()
  location: variable stock of type com.midas.stock.entity.Stock
[ERROR] /Users/divyanshpandey/Desktop/midas/src/main/java/com/midas/stock/controller/StockController.java:[27,27] cannot find symbol
  symbol:   method <com.midas.stock.dto.response.StockResponse>builder()
  location: class com.midas.common.response.ApiResponse
[ERROR] /Users/divyanshpandey/Desktop/midas/src/main/java/com/midas/stock/controller/StockController.java:[41,27] cannot find symbol
  symbol:   method <java.util.List<com.midas.stock.dto.response.StockResponse>>builder()
  location: class com.midas.common.response.ApiResponse
[ERROR] /Users/divyanshpandey/Desktop/midas/src/main/java/com/midas/portfolio/service/impl/PortfolioServiceImpl.java:[30,40] cannot find symbol
  symbol:   method builder()
  location: class com.midas.portfolio.entity.Portfolio
[ERROR] /Users/divyanshpandey/Desktop/midas/src/main/java/com/midas/portfolio/service/impl/PortfolioServiceImpl.java:[31,30] cannot find symbol
  symbol:   method getName()
  location: variable request of type com.midas.portfolio.dto.request.CreatePortfolioRequest
[ERROR] /Users/divyanshpandey/Desktop/midas/src/main/java/com/midas/portfolio/service/impl/PortfolioServiceImpl.java:[32,37] cannot find symbol
  symbol:   method getDescription()
  location: variable request of type com.midas.portfolio.dto.request.CreatePortfolioRequest
[ERROR] /Users/divyanshpandey/Desktop/midas/src/main/java/com/midas/portfolio/service/impl/PortfolioServiceImpl.java:[71,33] cannot find symbol
  symbol:   method builder()
  location: class com.midas.portfolio.dto.response.PortfolioResponse
[ERROR] /Users/divyanshpandey/Desktop/midas/src/main/java/com/midas/portfolio/service/impl/PortfolioServiceImpl.java:[72,30] cannot find symbol
  symbol:   method getId()
  location: variable portfolio of type com.midas.portfolio.entity.Portfolio
[ERROR] /Users/divyanshpandey/Desktop/midas/src/main/java/com/midas/portfolio/service/impl/PortfolioServiceImpl.java:[73,32] cannot find symbol
  symbol:   method getName()
  location: variable portfolio of type com.midas.portfolio.entity.Portfolio
[ERROR] /Users/divyanshpandey/Desktop/midas/src/main/java/com/midas/portfolio/service/impl/PortfolioServiceImpl.java:[74,39] cannot find symbol
  symbol:   method getDescription()
  location: variable portfolio of type com.midas.portfolio.entity.Portfolio
[ERROR] /Users/divyanshpandey/Desktop/midas/src/main/java/com/midas/portfolio/service/impl/PortfolioServiceImpl.java:[75,38] cannot find symbol
  symbol:   method getTotalValue()
  location: variable portfolio of type com.midas.portfolio.entity.Portfolio
[ERROR] /Users/divyanshpandey/Desktop/midas/src/main/java/com/midas/user/controller/UserController.java:[28,27] cannot find symbol
  symbol:   method <com.midas.user.dto.response.UserProfileResponse>builder()
  location: class com.midas.common.response.ApiResponse
[ERROR] /Users/divyanshpandey/Desktop/midas/src/main/java/com/midas/user/controller/UserController.java:[43,27] cannot find symbol
  symbol:   method <com.midas.user.dto.response.UserProfileResponse>builder()
  location: class com.midas.common.response.ApiResponse
[ERROR] /Users/divyanshpandey/Desktop/midas/src/main/java/com/midas/user/controller/UserController.java:[59,23] cannot find symbol
  symbol:   method <java.lang.Void>builder()
  location: class com.midas.common.response.ApiResponse
[ERROR] /Users/divyanshpandey/Desktop/midas/src/main/java/com/midas/user/service/impl/UserServiceImpl.java:[45,35] cannot find symbol
  symbol:   method builder()
  location: class com.midas.user.dto.response.UserProfileResponse
[ERROR] /Users/divyanshpandey/Desktop/midas/src/main/java/com/midas/user/service/impl/UserServiceImpl.java:[46,25] cannot find symbol
  symbol:   method getId()
  location: variable user of type com.midas.user.entity.User
[ERROR] /Users/divyanshpandey/Desktop/midas/src/main/java/com/midas/user/service/impl/UserServiceImpl.java:[47,31] cannot find symbol
  symbol:   method getFullName()
  location: variable user of type com.midas.user.entity.User
[ERROR] /Users/divyanshpandey/Desktop/midas/src/main/java/com/midas/user/service/impl/UserServiceImpl.java:[48,28] cannot find symbol
  symbol:   method getEmail()
  location: variable user of type com.midas.user.entity.User
[ERROR] /Users/divyanshpandey/Desktop/midas/src/main/java/com/midas/user/service/impl/UserServiceImpl.java:[49,27] cannot find symbol
  symbol:   method getRole()
  location: variable user of type com.midas.user.entity.User
[ERROR] /Users/divyanshpandey/Desktop/midas/src/main/java/com/midas/user/service/impl/UserServiceImpl.java:[50,30] cannot find symbol
  symbol:   method isEnabled()
  location: variable user of type com.midas.user.entity.User
[ERROR] /Users/divyanshpandey/Desktop/midas/src/main/java/com/midas/user/service/impl/UserServiceImpl.java:[63,33] cannot find symbol
  symbol:   method getFullName()
  location: variable request of type com.midas.user.dto.request.UpdateProfileRequest
[ERROR] /Users/divyanshpandey/Desktop/midas/src/main/java/com/midas/user/service/impl/UserServiceImpl.java:[67,35] cannot find symbol
  symbol:   method builder()
  location: class com.midas.user.dto.response.UserProfileResponse
[ERROR] /Users/divyanshpandey/Desktop/midas/src/main/java/com/midas/user/service/impl/UserServiceImpl.java:[68,32] cannot find symbol
  symbol:   method getId()
  location: variable updatedUser of type com.midas.user.entity.User
[ERROR] /Users/divyanshpandey/Desktop/midas/src/main/java/com/midas/user/service/impl/UserServiceImpl.java:[69,38] cannot find symbol
  symbol:   method getFullName()
  location: variable updatedUser of type com.midas.user.entity.User
[ERROR] /Users/divyanshpandey/Desktop/midas/src/main/java/com/midas/user/service/impl/UserServiceImpl.java:[70,35] cannot find symbol
  symbol:   method getEmail()
  location: variable updatedUser of type com.midas.user.entity.User
[ERROR] /Users/divyanshpandey/Desktop/midas/src/main/java/com/midas/user/service/impl/UserServiceImpl.java:[71,34] cannot find symbol
  symbol:   method getRole()
  location: variable updatedUser of type com.midas.user.entity.User
[ERROR] /Users/divyanshpandey/Desktop/midas/src/main/java/com/midas/user/service/impl/UserServiceImpl.java:[72,37] cannot find symbol
  symbol:   method isEnabled()
  location: variable updatedUser of type com.midas.user.entity.User
[ERROR] /Users/divyanshpandey/Desktop/midas/src/main/java/com/midas/user/service/impl/UserServiceImpl.java:[85,20] cannot find symbol
  symbol:   method getCurrentPassword()
  location: variable request of type com.midas.user.dto.request.ChangePasswordRequest
[ERROR] /Users/divyanshpandey/Desktop/midas/src/main/java/com/midas/user/service/impl/UserServiceImpl.java:[86,17] cannot find symbol
  symbol:   method getPassword()
  location: variable user of type com.midas.user.entity.User
[ERROR] /Users/divyanshpandey/Desktop/midas/src/main/java/com/midas/user/service/impl/UserServiceImpl.java:[91,17] cannot find symbol
  symbol:   method getNewPassword()
  location: variable request of type com.midas.user.dto.request.ChangePasswordRequest
[ERROR] /Users/divyanshpandey/Desktop/midas/src/main/java/com/midas/user/service/impl/UserServiceImpl.java:[92,28] cannot find symbol
  symbol:   method getConfirmPassword()
  location: variable request of type com.midas.user.dto.request.ChangePasswordRequest
[ERROR] /Users/divyanshpandey/Desktop/midas/src/main/java/com/midas/user/service/impl/UserServiceImpl.java:[99,43] cannot find symbol
  symbol:   method getNewPassword()
  location: variable request of type com.midas.user.dto.request.ChangePasswordRequest
[ERROR] /Users/divyanshpandey/Desktop/midas/src/main/java/com/midas/common/advice/GlobalExceptionHandler.java:[19,34] cannot find symbol
  symbol:   method <java.lang.Void>builder()
  location: class com.midas.common.response.ApiResponse
[ERROR] /Users/divyanshpandey/Desktop/midas/src/main/java/com/midas/common/advice/GlobalExceptionHandler.java:[29,34] cannot find symbol
  symbol:   method <java.lang.Void>builder()
  location: class com.midas.common.response.ApiResponse
[ERROR] /Users/divyanshpandey/Desktop/midas/src/main/java/com/midas/common/advice/GlobalExceptionHandler.java:[40,30] cannot find symbol
  symbol:   method <java.lang.Void>builder()
  location: class com.midas.common.response.ApiResponse
[INFO] 75 errors 
[INFO] -------------------------------------------------------------
[INFO] ------------------------------------------------------------------------
[INFO] BUILD FAILURE
[INFO] ------------------------------------------------------------------------
[INFO] Total time:  1.337 s
[INFO] Finished at: 2026-06-21T22:12:15+05:30
[INFO] ------------------------------------------------------------------------
[ERROR] Failed to execute goal org.apache.maven.plugins:maven-compiler-plugin:3.11.0:compile (default-compile) on project midas: Compilation failure: Compilation failure: 
[ERROR] /Users/divyanshpandey/Desktop/midas/src/main/java/com/midas/transaction/repository/ TransactionRepository.java:[9,8] interface TransactionRepository is public, should be declared in a file named TransactionRepository.java
[ERROR] /Users/divyanshpandey/Desktop/midas/src/main/java/com/midas/auth/security/CustomUserDetailsService.java:[25,16] constructor CustomUserDetails in class com.midas.auth.security.CustomUserDetails cannot be applied to given types;
[ERROR]   required: no arguments
[ERROR]   found:    com.midas.user.entity.User
[ERROR]   reason: actual and formal argument lists differ in length
[ERROR] /Users/divyanshpandey/Desktop/midas/src/main/java/com/midas/auth/controller/AuthController.java:[29,34] cannot find symbol
[ERROR]   symbol:   method <com.midas.auth.dto.response.RegisterResponse>builder()
[ERROR]   location: class com.midas.common.response.ApiResponse
[ERROR] /Users/divyanshpandey/Desktop/midas/src/main/java/com/midas/auth/controller/AuthController.java:[43,28] cannot find symbol
[ERROR]   symbol:   method <com.midas.auth.dto.response.LoginResponse>builder()
[ERROR]   location: class com.midas.common.response.ApiResponse
[ERROR] /Users/divyanshpandey/Desktop/midas/src/main/java/com/midas/auth/service/impl/AuthServiceImpl.java:[35,46] cannot find symbol
[ERROR]   symbol:   method getEmail()
[ERROR]   location: variable request of type com.midas.auth.dto.request.RegisterRequest
[ERROR] /Users/divyanshpandey/Desktop/midas/src/main/java/com/midas/auth/service/impl/AuthServiceImpl.java:[41,56] cannot find symbol
[ERROR]   symbol:   method getPassword()
[ERROR]   location: variable request of type com.midas.auth.dto.request.RegisterRequest
[ERROR] /Users/divyanshpandey/Desktop/midas/src/main/java/com/midas/auth/service/impl/AuthServiceImpl.java:[53,32] cannot find symbol
[ERROR]   symbol:   method getEmail()
[ERROR]   location: variable request of type com.midas.auth.dto.request.LoginRequest
[ERROR] /Users/divyanshpandey/Desktop/midas/src/main/java/com/midas/auth/service/impl/AuthServiceImpl.java:[54,32] cannot find symbol
[ERROR]   symbol:   method getPassword()
[ERROR]   location: variable request of type com.midas.auth.dto.request.LoginRequest
[ERROR] /Users/divyanshpandey/Desktop/midas/src/main/java/com/midas/auth/service/impl/AuthServiceImpl.java:[58,52] cannot find symbol
[ERROR]   symbol:   method getEmail()
[ERROR]   location: variable request of type com.midas.auth.dto.request.LoginRequest
[ERROR] /Users/divyanshpandey/Desktop/midas/src/main/java/com/midas/auth/service/impl/AuthServiceImpl.java:[62,49] constructor CustomUserDetails in class com.midas.auth.security.CustomUserDetails cannot be applied to given types;
[ERROR]   required: no arguments
[ERROR]   found:    com.midas.user.entity.User
[ERROR]   reason: actual and formal argument lists differ in length
[ERROR] /Users/divyanshpandey/Desktop/midas/src/main/java/com/midas/auth/service/impl/AuthServiceImpl.java:[64,29] cannot find symbol
[ERROR]   symbol:   method builder()
[ERROR]   location: class com.midas.auth.dto.response.LoginResponse
[ERROR] /Users/divyanshpandey/Desktop/midas/src/main/java/com/midas/auth/mapper/ManualUserMapper.java:[15,33] cannot find symbol
[ERROR]   symbol:   method getFullName()
[ERROR]   location: variable request of type com.midas.auth.dto.request.RegisterRequest
[ERROR] /Users/divyanshpandey/Desktop/midas/src/main/java/com/midas/auth/mapper/ManualUserMapper.java:[16,30] cannot find symbol
[ERROR]   symbol:   method getEmail()
[ERROR]   location: variable request of type com.midas.auth.dto.request.RegisterRequest
[ERROR] /Users/divyanshpandey/Desktop/midas/src/main/java/com/midas/auth/mapper/ManualUserMapper.java:[17,33] cannot find symbol
[ERROR]   symbol:   method getPassword()
[ERROR]   location: variable request of type com.midas.auth.dto.request.RegisterRequest
[ERROR] /Users/divyanshpandey/Desktop/midas/src/main/java/com/midas/auth/mapper/ManualUserMapper.java:[24,32] cannot find symbol
[ERROR]   symbol:   method builder()
[ERROR]   location: class com.midas.auth.dto.response.RegisterResponse
[ERROR] /Users/divyanshpandey/Desktop/midas/src/main/java/com/midas/auth/mapper/ManualUserMapper.java:[25,25] cannot find symbol
[ERROR]   symbol:   method getId()
[ERROR]   location: variable user of type com.midas.user.entity.User
[ERROR] /Users/divyanshpandey/Desktop/midas/src/main/java/com/midas/auth/mapper/ManualUserMapper.java:[26,31] cannot find symbol
[ERROR]   symbol:   method getFullName()
[ERROR]   location: variable user of type com.midas.user.entity.User
[ERROR] /Users/divyanshpandey/Desktop/midas/src/main/java/com/midas/auth/mapper/ManualUserMapper.java:[27,28] cannot find symbol
[ERROR]   symbol:   method getEmail()
[ERROR]   location: variable user of type com.midas.user.entity.User
[ERROR] /Users/divyanshpandey/Desktop/midas/src/main/java/com/midas/auth/mapper/ManualUserMapper.java:[28,27] cannot find symbol
[ERROR]   symbol:   method getRole()
[ERROR]   location: variable user of type com.midas.user.entity.User
[ERROR] /Users/divyanshpandey/Desktop/midas/src/main/java/com/midas/portfolio/controller/PortfolioController.java:[28,27] cannot find symbol
[ERROR]   symbol:   method <com.midas.portfolio.dto.response.PortfolioResponse>builder()
[ERROR]   location: class com.midas.common.response.ApiResponse
[ERROR] /Users/divyanshpandey/Desktop/midas/src/main/java/com/midas/portfolio/controller/PortfolioController.java:[41,27] cannot find symbol
[ERROR]   symbol:   method <java.util.List<com.midas.portfolio.dto.response.PortfolioResponse>>builder()
[ERROR]   location: class com.midas.common.response.ApiResponse
[ERROR] /Users/divyanshpandey/Desktop/midas/src/main/java/com/midas/portfolio/controller/PortfolioController.java:[54,27] cannot find symbol
[ERROR]   symbol:   method <com.midas.portfolio.dto.response.PortfolioResponse>builder()
[ERROR]   location: class com.midas.common.response.ApiResponse
[ERROR] /Users/divyanshpandey/Desktop/midas/src/main/java/com/midas/portfolio/controller/PortfolioController.java:[69,27] cannot find symbol
[ERROR]   symbol:   method <com.midas.portfolio.dto.response.PortfolioResponse>builder()
[ERROR]   location: class com.midas.common.response.ApiResponse
[ERROR] /Users/divyanshpandey/Desktop/midas/src/main/java/com/midas/portfolio/controller/PortfolioController.java:[88,27] cannot find symbol
[ERROR]   symbol:   method <java.lang.Void>builder()
[ERROR]   location: class com.midas.common.response.ApiResponse
[ERROR] /Users/divyanshpandey/Desktop/midas/src/main/java/com/midas/auth/security/CustomUserDetails.java:[22,48] cannot find symbol
[ERROR]   symbol:   method getRole()
[ERROR]   location: variable user of type com.midas.user.entity.User
[ERROR] /Users/divyanshpandey/Desktop/midas/src/main/java/com/midas/auth/security/CustomUserDetails.java:[28,20] cannot find symbol
[ERROR]   symbol:   method getPassword()
[ERROR]   location: variable user of type com.midas.user.entity.User
[ERROR] /Users/divyanshpandey/Desktop/midas/src/main/java/com/midas/auth/security/CustomUserDetails.java:[33,20] cannot find symbol
[ERROR]   symbol:   method getEmail()
[ERROR]   location: variable user of type com.midas.user.entity.User
[ERROR] /Users/divyanshpandey/Desktop/midas/src/main/java/com/midas/auth/security/CustomUserDetails.java:[43,21] cannot find symbol
[ERROR]   symbol:   method isAccountLocked()
[ERROR]   location: variable user of type com.midas.user.entity.User
[ERROR] /Users/divyanshpandey/Desktop/midas/src/main/java/com/midas/auth/security/CustomUserDetails.java:[53,20] cannot find symbol
[ERROR]   symbol:   method isEnabled()
[ERROR]   location: variable user of type com.midas.user.entity.User
[ERROR] /Users/divyanshpandey/Desktop/midas/src/main/java/com/midas/stock/service/impl/StockServiceImpl.java:[34,41] cannot find symbol
[ERROR]   symbol:   method getPortfolioId()
[ERROR]   location: variable request of type com.midas.stock.dto.request.AddStockRequest
[ERROR] /Users/divyanshpandey/Desktop/midas/src/main/java/com/midas/stock/service/impl/StockServiceImpl.java:[38,28] cannot find symbol
[ERROR]   symbol:   method builder()
[ERROR]   location: class com.midas.stock.entity.Stock
[ERROR] /Users/divyanshpandey/Desktop/midas/src/main/java/com/midas/stock/service/impl/StockServiceImpl.java:[39,32] cannot find symbol
[ERROR]   symbol:   method getSymbol()
[ERROR]   location: variable request of type com.midas.stock.dto.request.AddStockRequest
[ERROR] /Users/divyanshpandey/Desktop/midas/src/main/java/com/midas/stock/service/impl/StockServiceImpl.java:[40,37] cannot find symbol
[ERROR]   symbol:   method getCompanyName()
[ERROR]   location: variable request of type com.midas.stock.dto.request.AddStockRequest
[ERROR] /Users/divyanshpandey/Desktop/midas/src/main/java/com/midas/stock/service/impl/StockServiceImpl.java:[41,34] cannot find symbol
[ERROR]   symbol:   method getQuantity()
[ERROR]   location: variable request of type com.midas.stock.dto.request.AddStockRequest
[ERROR] /Users/divyanshpandey/Desktop/midas/src/main/java/com/midas/stock/service/impl/StockServiceImpl.java:[42,41] cannot find symbol
[ERROR]   symbol:   method getAverageBuyPrice()
[ERROR]   location: variable request of type com.midas.stock.dto.request.AddStockRequest
[ERROR] /Users/divyanshpandey/Desktop/midas/src/main/java/com/midas/stock/service/impl/StockServiceImpl.java:[73,29] cannot find symbol
[ERROR]   symbol:   method builder()
[ERROR]   location: class com.midas.stock.dto.response.StockResponse
[ERROR] /Users/divyanshpandey/Desktop/midas/src/main/java/com/midas/stock/service/impl/StockServiceImpl.java:[74,26] cannot find symbol
[ERROR]   symbol:   method getId()
[ERROR]   location: variable stock of type com.midas.stock.entity.Stock
[ERROR] /Users/divyanshpandey/Desktop/midas/src/main/java/com/midas/stock/service/impl/StockServiceImpl.java:[75,30] cannot find symbol
[ERROR]   symbol:   method getSymbol()
[ERROR]   location: variable stock of type com.midas.stock.entity.Stock
[ERROR] /Users/divyanshpandey/Desktop/midas/src/main/java/com/midas/stock/service/impl/StockServiceImpl.java:[76,35] cannot find symbol
[ERROR]   symbol:   method getCompanyName()
[ERROR]   location: variable stock of type com.midas.stock.entity.Stock
[ERROR] /Users/divyanshpandey/Desktop/midas/src/main/java/com/midas/stock/service/impl/StockServiceImpl.java:[77,32] cannot find symbol
[ERROR]   symbol:   method getQuantity()
[ERROR]   location: variable stock of type com.midas.stock.entity.Stock
[ERROR] /Users/divyanshpandey/Desktop/midas/src/main/java/com/midas/stock/service/impl/StockServiceImpl.java:[78,39] cannot find symbol
[ERROR]   symbol:   method getAverageBuyPrice()
[ERROR]   location: variable stock of type com.midas.stock.entity.Stock
[ERROR] /Users/divyanshpandey/Desktop/midas/src/main/java/com/midas/stock/controller/StockController.java:[27,27] cannot find symbol
[ERROR]   symbol:   method <com.midas.stock.dto.response.StockResponse>builder()
[ERROR]   location: class com.midas.common.response.ApiResponse
[ERROR] /Users/divyanshpandey/Desktop/midas/src/main/java/com/midas/stock/controller/StockController.java:[41,27] cannot find symbol
[ERROR]   symbol:   method <java.util.List<com.midas.stock.dto.response.StockResponse>>builder()
[ERROR]   location: class com.midas.common.response.ApiResponse
[ERROR] /Users/divyanshpandey/Desktop/midas/src/main/java/com/midas/portfolio/service/impl/PortfolioServiceImpl.java:[30,40] cannot find symbol
[ERROR]   symbol:   method builder()
[ERROR]   location: class com.midas.portfolio.entity.Portfolio
[ERROR] /Users/divyanshpandey/Desktop/midas/src/main/java/com/midas/portfolio/service/impl/PortfolioServiceImpl.java:[31,30] cannot find symbol
[ERROR]   symbol:   method getName()
[ERROR]   location: variable request of type com.midas.portfolio.dto.request.CreatePortfolioRequest
[ERROR] /Users/divyanshpandey/Desktop/midas/src/main/java/com/midas/portfolio/service/impl/PortfolioServiceImpl.java:[32,37] cannot find symbol
[ERROR]   symbol:   method getDescription()
[ERROR]   location: variable request of type com.midas.portfolio.dto.request.CreatePortfolioRequest
[ERROR] /Users/divyanshpandey/Desktop/midas/src/main/java/com/midas/portfolio/service/impl/PortfolioServiceImpl.java:[71,33] cannot find symbol
[ERROR]   symbol:   method builder()
[ERROR]   location: class com.midas.portfolio.dto.response.PortfolioResponse
[ERROR] /Users/divyanshpandey/Desktop/midas/src/main/java/com/midas/portfolio/service/impl/PortfolioServiceImpl.java:[72,30] cannot find symbol
[ERROR]   symbol:   method getId()
[ERROR]   location: variable portfolio of type com.midas.portfolio.entity.Portfolio
[ERROR] /Users/divyanshpandey/Desktop/midas/src/main/java/com/midas/portfolio/service/impl/PortfolioServiceImpl.java:[73,32] cannot find symbol
[ERROR]   symbol:   method getName()
[ERROR]   location: variable portfolio of type com.midas.portfolio.entity.Portfolio
[ERROR] /Users/divyanshpandey/Desktop/midas/src/main/java/com/midas/portfolio/service/impl/PortfolioServiceImpl.java:[74,39] cannot find symbol
[ERROR]   symbol:   method getDescription()
[ERROR]   location: variable portfolio of type com.midas.portfolio.entity.Portfolio
[ERROR] /Users/divyanshpandey/Desktop/midas/src/main/java/com/midas/portfolio/service/impl/PortfolioServiceImpl.java:[75,38] cannot find symbol
[ERROR]   symbol:   method getTotalValue()
[ERROR]   location: variable portfolio of type com.midas.portfolio.entity.Portfolio
[ERROR] /Users/divyanshpandey/Desktop/midas/src/main/java/com/midas/user/controller/UserController.java:[28,27] cannot find symbol
[ERROR]   symbol:   method <com.midas.user.dto.response.UserProfileResponse>builder()
[ERROR]   location: class com.midas.common.response.ApiResponse
[ERROR] /Users/divyanshpandey/Desktop/midas/src/main/java/com/midas/user/controller/UserController.java:[43,27] cannot find symbol
[ERROR]   symbol:   method <com.midas.user.dto.response.UserProfileResponse>builder()
[ERROR]   location: class com.midas.common.response.ApiResponse
[ERROR] /Users/divyanshpandey/Desktop/midas/src/main/java/com/midas/user/controller/UserController.java:[59,23] cannot find symbol
[ERROR]   symbol:   method <java.lang.Void>builder()
[ERROR]   location: class com.midas.common.response.ApiResponse
[ERROR] /Users/divyanshpandey/Desktop/midas/src/main/java/com/midas/user/service/impl/UserServiceImpl.java:[45,35] cannot find symbol
[ERROR]   symbol:   method builder()
[ERROR]   location: class com.midas.user.dto.response.UserProfileResponse
[ERROR] /Users/divyanshpandey/Desktop/midas/src/main/java/com/midas/user/service/impl/UserServiceImpl.java:[46,25] cannot find symbol
[ERROR]   symbol:   method getId()
[ERROR]   location: variable user of type com.midas.user.entity.User
[ERROR] /Users/divyanshpandey/Desktop/midas/src/main/java/com/midas/user/service/impl/UserServiceImpl.java:[47,31] cannot find symbol
[ERROR]   symbol:   method getFullName()
[ERROR]   location: variable user of type com.midas.user.entity.User
[ERROR] /Users/divyanshpandey/Desktop/midas/src/main/java/com/midas/user/service/impl/UserServiceImpl.java:[48,28] cannot find symbol
[ERROR]   symbol:   method getEmail()
[ERROR]   location: variable user of type com.midas.user.entity.User
[ERROR] /Users/divyanshpandey/Desktop/midas/src/main/java/com/midas/user/service/impl/UserServiceImpl.java:[49,27] cannot find symbol
[ERROR]   symbol:   method getRole()
[ERROR]   location: variable user of type com.midas.user.entity.User
[ERROR] /Users/divyanshpandey/Desktop/midas/src/main/java/com/midas/user/service/impl/UserServiceImpl.java:[50,30] cannot find symbol
[ERROR]   symbol:   method isEnabled()
[ERROR]   location: variable user of type com.midas.user.entity.User
[ERROR] /Users/divyanshpandey/Desktop/midas/src/main/java/com/midas/user/service/impl/UserServiceImpl.java:[63,33] cannot find symbol
[ERROR]   symbol:   method getFullName()
[ERROR]   location: variable request of type com.midas.user.dto.request.UpdateProfileRequest
[ERROR] /Users/divyanshpandey/Desktop/midas/src/main/java/com/midas/user/service/impl/UserServiceImpl.java:[67,35] cannot find symbol
[ERROR]   symbol:   method builder()
[ERROR]   location: class com.midas.user.dto.response.UserProfileResponse
[ERROR] /Users/divyanshpandey/Desktop/midas/src/main/java/com/midas/user/service/impl/UserServiceImpl.java:[68,32] cannot find symbol
[ERROR]   symbol:   method getId()
[ERROR]   location: variable updatedUser of type com.midas.user.entity.User
[ERROR] /Users/divyanshpandey/Desktop/midas/src/main/java/com/midas/user/service/impl/UserServiceImpl.java:[69,38] cannot find symbol
[ERROR]   symbol:   method getFullName()
[ERROR]   location: variable updatedUser of type com.midas.user.entity.User
[ERROR] /Users/divyanshpandey/Desktop/midas/src/main/java/com/midas/user/service/impl/UserServiceImpl.java:[70,35] cannot find symbol
[ERROR]   symbol:   method getEmail()
[ERROR]   location: variable updatedUser of type com.midas.user.entity.User
[ERROR] /Users/divyanshpandey/Desktop/midas/src/main/java/com/midas/user/service/impl/UserServiceImpl.java:[71,34] cannot find symbol
[ERROR]   symbol:   method getRole()
[ERROR]   location: variable updatedUser of type com.midas.user.entity.User
[ERROR] /Users/divyanshpandey/Desktop/midas/src/main/java/com/midas/user/service/impl/UserServiceImpl.java:[72,37] cannot find symbol
[ERROR]   symbol:   method isEnabled()
[ERROR]   location: variable updatedUser of type com.midas.user.entity.User
[ERROR] /Users/divyanshpandey/Desktop/midas/src/main/java/com/midas/user/service/impl/UserServiceImpl.java:[85,20] cannot find symbol
[ERROR]   symbol:   method getCurrentPassword()
[ERROR]   location: variable request of type com.midas.user.dto.request.ChangePasswordRequest
[ERROR] /Users/divyanshpandey/Desktop/midas/src/main/java/com/midas/user/service/impl/UserServiceImpl.java:[86,17] cannot find symbol
[ERROR]   symbol:   method getPassword()
[ERROR]   location: variable user of type com.midas.user.entity.User
[ERROR] /Users/divyanshpandey/Desktop/midas/src/main/java/com/midas/user/service/impl/UserServiceImpl.java:[91,17] cannot find symbol
[ERROR]   symbol:   method getNewPassword()
[ERROR]   location: variable request of type com.midas.user.dto.request.ChangePasswordRequest
[ERROR] /Users/divyanshpandey/Desktop/midas/src/main/java/com/midas/user/service/impl/UserServiceImpl.java:[92,28] cannot find symbol
[ERROR]   symbol:   method getConfirmPassword()
[ERROR]   location: variable request of type com.midas.user.dto.request.ChangePasswordRequest
[ERROR] /Users/divyanshpandey/Desktop/midas/src/main/java/com/midas/user/service/impl/UserServiceImpl.java:[99,43] cannot find symbol
[ERROR]   symbol:   method getNewPassword()
[ERROR]   location: variable request of type com.midas.user.dto.request.ChangePasswordRequest
[ERROR] /Users/divyanshpandey/Desktop/midas/src/main/java/com/midas/common/advice/GlobalExceptionHandler.java:[19,34] cannot find symbol
[ERROR]   symbol:   method <java.lang.Void>builder()
[ERROR]   location: class com.midas.common.response.ApiResponse
[ERROR] /Users/divyanshpandey/Desktop/midas/src/main/java/com/midas/common/advice/GlobalExceptionHandler.java:[29,34] cannot find symbol
[ERROR]   symbol:   method <java.lang.Void>builder()
[ERROR]   location: class com.midas.common.response.ApiResponse
[ERROR] /Users/divyanshpandey/Desktop/midas/src/main/java/com/midas/common/advice/GlobalExceptionHandler.java:[40,30] cannot find symbol
[ERROR]   symbol:   method <java.lang.Void>builder()
[ERROR]   location: class com.midas.common.response.ApiResponse
[ERROR] -> [Help 1]
[ERROR] 
[ERROR] To see the full stack trace of the errors, re-run Maven with the -e switch.
[ERROR] Re-run Maven using the -X switch to enable full debug logging.
[ERROR] 
[ERROR] For more information about the errors and possible solutions, please read the following articles:
[ERROR] [Help 1] http://cwiki.apache.org/confluence/display/MAVEN/MojoFailureException
